# JRE version: OpenJDK Runtime Environment Temurin-17.0.10+7 (17.0.10+7) (build 17.0.10+7)
# Java VM: OpenJDK 64-Bit Server VM Temurin-17.0.10+7 (17.0.10+7, mixed mode, emulated-client, tiered, compressed oops, compressed class ptrs, g1 gc, windows-amd64)
GC Precious Log:
 CPUs: 8 total, 8 available
 Memory: 16267M
 Large Page Support: Disabled
 NUMA Support: Disabled
 Compressed Oops: Enabled (32-bit)
 Heap Region Size: 1M
 Heap Min Capacity: 8M
 Heap Initial Capacity: 256M
 Heap Max Capacity: 1G
 Pre-touch: Disabled
 Parallel Workers: 8
 Concurrent Workers: 2
 Concurrent Refinement Workers: 8
 Periodic GC: Disabled
Heap:
 garbage-first heap   total 75776K, used 24124K [0x00000000c0000000, 0x0000000100000000)
  region size 1024K, 1 young (1024K), 0 survivors (0K)
 Metaspace       used 38755K, committed 39360K, reserved 1114112K
  class space    used 5111K, committed 5376K, reserved 1048576K
GC Heap History (20 events):
Event: 38860.486 GC heap before
{Heap before GC invocations=3751 (full 3743):
 garbage-first heap   total 75776K, used 24124K [0x00000000c0000000, 0x0000000100000000)
  region size 1024K, 1 young (1024K), 0 survivors (0K)
 Metaspace       used 38755K, committed 39360K, reserved 1114112K
  class space    used 5111K, committed 5376K, reserved 1048576K
}
Event: 38860.526 GC heap after
{Heap after GC invocations=3752 (full 3744):
 garbage-first heap   total 75776K, used 24124K [0x00000000c0000000, 0x0000000100000000)
  region size 1024K, 0 young (0K), 0 survivors (0K)
 Metaspace       used 38755K, committed 39360K, reserved 1114112K
  class space    used 5111K, committed 5376K, reserved 1048576K
}
Event: 38870.875 GC heap before
{Heap before GC invocations=3752 (full 3744):
 garbage-first heap   total 75776K, used 24124K [0x00000000c0000000, 0x0000000100000000)
  region size 1024K, 1 young (1024K), 0 survivors (0K)
 Metaspace       used 38755K, committed 39360K, reserved 1114112K
  class space    used 5111K, committed 5376K, reserved 1048576K
}
Event: 38870.914 GC heap after
{Heap after GC invocations=3753 (full 3745):
 garbage-first heap   total 75776K, used 24124K [0x00000000c0000000, 0x0000000100000000)
  region size 1024K, 0 young (0K), 0 survivors (0K)
 Metaspace       used 38755K, committed 39360K, reserved 1114112K
  class space    used 5111K, committed 5376K, reserved 1048576K
}
Event: 38881.277 GC heap before
{Heap before GC invocations=3753 (full 3745):
 garbage-first heap   total 75776K, used 24124K [0x00000000c0000000, 0x0000000100000000)
  region size 1024K, 1 young (1024K), 0 survivors (0K)
 Metaspace       used 38755K, committed 39360K, reserved 1114112K
  class space    used 5111K, committed 5376K, reserved 1048576K
}
Event: 38881.318 GC heap after
{Heap after GC invocations=3754 (full 3746):
 garbage-first heap   total 75776K, used 24124K [0x00000000c0000000, 0x0000000100000000)
  region size 1024K, 0 young (0K), 0 survivors (0K)
 Metaspace       used 38755K, committed 39360K, reserved 1114112K
  class space    used 5111K, committed 5376K, reserved 1048576K
}
Event: 38891.670 GC heap before
{Heap before GC invocations=3754 (full 3746):
 garbage-first heap   total 75776K, used 24124K [0x00000000c0000000, 0x0000000100000000)
  region size 1024K, 1 young (1024K), 0 survivors (0K)
 Metaspace       used 38755K, committed 39360K, reserved 1114112K
  class space    used 5111K, committed 5376K, reserved 1048576K
}
Event: 38891.709 GC heap after
{Heap after GC invocations=3755 (full 3747):
 garbage-first heap   total 75776K, used 24124K [0x00000000c0000000, 0x0000000100000000)
  region size 1024K, 0 young (0K), 0 survivors (0K)
 Metaspace       used 38755K, committed 39360K, reserved 1114112K
  class space    used 5111K, committed 5376K, reserved 1048576K
}
Event: 38902.101 GC heap before
{Heap before GC invocations=3755 (full 3747):
 garbage-first heap   total 75776K, used 24124K [0x00000000c0000000, 0x0000000100000000)
  region size 1024K, 1 young (1024K), 0 survivors (0K)
 Metaspace       used 38755K, committed 39360K, reserved 1114112K
  class space    used 5111K, committed 5376K, reserved 1048576K
}
Event: 38902.139 GC heap after
{Heap after GC invocations=3756 (full 3748):
 garbage-first heap   total 75776K, used 24124K [0x00000000c0000000, 0x0000000100000000)
  region size 1024K, 0 young (0K), 0 survivors (0K)
 Metaspace       used 38755K, committed 39360K, reserved 1114112K
  class space    used 5111K, committed 5376K, reserved 1048576K
}
Event: 38912.560 GC heap before
{Heap before GC invocations=3756 (full 3748):
 garbage-first heap   total 75776K, used 24124K [0x00000000c0000000, 0x0000000100000000)
  region size 1024K, 1 young (1024K), 0 survivors (0K)
 Metaspace       used 38755K, committed 39360K, reserved 1114112K
  class space    used 5111K, committed 5376K, reserved 1048576K
}
Event: 38912.602 GC heap after
{Heap after GC invocations=3757 (full 3749):
 garbage-first heap   total 75776K, used 24124K [0x00000000c0000000, 0x0000000100000000)
  region size 1024K, 0 young (0K), 0 survivors (0K)
 Metaspace       used 38755K, committed 39360K, reserved 1114112K
  class space    used 5111K, committed 5376K, reserved 1048576K
}
Event: 38922.955 GC heap before
{Heap before GC invocations=3757 (full 3749):
 garbage-first heap   total 75776K, used 24124K [0x00000000c0000000, 0x0000000100000000)
  region size 1024K, 1 young (1024K), 0 survivors (0K)
 Metaspace       used 38755K, committed 39360K, reserved 1114112K
  class space    used 5111K, committed 5376K, reserved 1048576K
}
Event: 38922.995 GC heap after
{Heap after GC invocations=3758 (full 3750):
 garbage-first heap   total 75776K, used 24124K [0x00000000c0000000, 0x0000000100000000)
  region size 1024K, 0 young (0K), 0 survivors (0K)
 Metaspace       used 38755K, committed 39360K, reserved 1114112K
  class space    used 5111K, committed 5376K, reserved 1048576K
}
Event: 38933.343 GC heap before
{Heap before GC invocations=3758 (full 3750):
 garbage-first heap   total 75776K, used 24124K [0x00000000c0000000, 0x0000000100000000)
  region size 1024K, 1 young (1024K), 0 survivors (0K)
 Metaspace       used 38755K, committed 39360K, reserved 1114112K
  class space    used 5111K, committed 5376K, reserved 1048576K
}
Event: 38933.386 GC heap after
{Heap after GC invocations=3759 (full 3751):
 garbage-first heap   total 75776K, used 24124K [0x00000000c0000000, 0x0000000100000000)
  region size 1024K, 0 young (0K), 0 survivors (0K)
 Metaspace       used 38755K, committed 39360K, reserved 1114112K
  class space    used 5111K, committed 5376K, reserved 1048576K
}
Event: 38943.742 GC heap before
{Heap before GC invocations=3759 (full 3751):
 garbage-first heap   total 75776K, used 24124K [0x00000000c0000000, 0x0000000100000000)
  region size 1024K, 1 young (1024K), 0 survivors (0K)
 Metaspace       used 38755K, committed 39360K, reserved 1114112K
  class space    used 5111K, committed 5376K, reserved 1048576K
}
Event: 38943.780 GC heap after
{Heap after GC invocations=3760 (full 3752):
 garbage-first heap   total 75776K, used 24124K [0x00000000c0000000, 0x0000000100000000)
  region size 1024K, 0 young (0K), 0 survivors (0K)
 Metaspace       used 38755K, committed 39360K, reserved 1114112K
  class space    used 5111K, committed 5376K, reserved 1048576K
}
Event: 38954.196 GC heap before
{Heap before GC invocations=3760 (full 3752):
 garbage-first heap   total 75776K, used 24124K [0x00000000c0000000, 0x0000000100000000)
  region size 1024K, 1 young (1024K), 0 survivors (0K)
 Metaspace       used 38755K, committed 39360K, reserved 1114112K
  class space    used 5111K, committed 5376K, reserved 1048576K
}
Event: 38954.236 GC heap after
{Heap after GC invocations=3761 (full 3753):
 garbage-first heap   total 75776K, used 24124K [0x00000000c0000000, 0x0000000100000000)
  region size 1024K, 0 young (0K), 0 survivors (0K)
 Metaspace       used 38755K, committed 39360K, reserved 1114112K
  class space    used 5111K, committed 5376K, reserved 1048576K
}

